<?xml version="1.0" encoding="UTF-8"?>
<testsuites name="Tc001" time="58.723" tests="3" failures="0" errors="0">
   <testsuite name="Tc001" tests="3" failures="0" errors="0" time="58.723" skipped="0" timestamp="2566-04-08 13:04:05" hostname="aummu - DESKTOP-A20031E" id="Test Suites/Tc001">
      <properties>
         <property name="deviceName" value=""/>
         <property name="devicePlatform" value=""/>
         <property name="logFolder" value="C:\\Users\\aummu\\Katalon Studio\\Test007\\Reports\\25660408_130342\\Tc001\\25660408_130342"/>
         <property name="logFiles" value="C:\\Users\\aummu\\Katalon Studio\\Test007\\Reports\\25660408_130342\\Tc001\\25660408_130342\\execution0.log"/>
         <property name="attachments" value=""/>
         <property name="hostName" value="aummu - DESKTOP-A20031E"/>
         <property name="os" value="Windows 10 64bit"/>
         <property name="katalonVersion" value="8.5.5.208"/>
         <property name="browser" value="Chrome 112.0.0.0"/>
         <property name="hostAddress" value="192.168.1.7"/>
         <property name="sessionId" value="fe60cf386f279db67cd85f8e8b837c2f"/>
         <property name="seleniumVersion" value="3.141.59"/>
         <property name="proxyInformation" value="ProxyInformation { proxyOption=NO_PROXY, proxyServerType=HTTP, username=, password=********, proxyServerAddress=, proxyServerPort=0, executionList=&quot;&quot;, isApplyToDesiredCapabilities=true }"/>
         <property name="platform" value="Windows 10"/>
      </properties>
      <testcase name="Test Cases/test01" time="20.831" classname="Test Cases/test01" status="PASSED">
         <system-out><![CDATA[2566-04-08 13:04:05 - [TEST_CASE][PASSED] - Test Cases/test01: Test Cases/test01

2566-04-08 13:04:06 - [TEST_STEP][PASSED] - openBrowser(""): Browser is opened with url: ''

2566-04-08 13:04:07 - [MESSAGE][INFO] - Starting 'Chrome' driver

2566-04-08 13:04:07 - [MESSAGE][INFO] - Action delay is set to 0 milliseconds

2566-04-08 13:04:12 - [MESSAGE][PASSED] - Browser is opened with url: ''

2566-04-08 13:04:12 - [TEST_STEP][PASSED] - navigateToUrl("https://www.gmm-tv.com/shop/index.php?route=account/register"): Navigate to 'https://www.gmm-tv.com/shop/index.php?route=account/register' successfully

2566-04-08 13:04:16 - [MESSAGE][PASSED] - Navigate to 'https://www.gmm-tv.com/shop/index.php?route=account/register' successfully

2566-04-08 13:04:16 - [TEST_STEP][PASSED] - setText(findTestObject("name"), "Natthacha"): Text 'Natthacha' is set on object 'Object Repository/name'

2566-04-08 13:04:17 - [MESSAGE][PASSED] - Text 'Natthacha' is set on object 'Object Repository/name'

2566-04-08 13:04:17 - [TEST_STEP][PASSED] - setText(findTestObject("lastname"), "Mumdaeng"): Text 'Mumdaeng' is set on object 'Object Repository/lastname'

2566-04-08 13:04:18 - [MESSAGE][PASSED] - Text 'Mumdaeng' is set on object 'Object Repository/lastname'

2566-04-08 13:04:18 - [TEST_STEP][PASSED] - setText(findTestObject("gmail"), "aummumdaeng@gmail.com"): Text 'aummumdaeng@gmail.com' is set on object 'Object Repository/gmail'

2566-04-08 13:04:20 - [MESSAGE][PASSED] - Text 'aummumdaeng@gmail.com' is set on object 'Object Repository/gmail'

2566-04-08 13:04:20 - [TEST_STEP][PASSED] - setText(findTestObject("phone"), "0656375524"): Text '0656375524' is set on object 'Object Repository/phone'

2566-04-08 13:04:21 - [MESSAGE][PASSED] - Text '0656375524' is set on object 'Object Repository/phone'

2566-04-08 13:04:21 - [TEST_STEP][PASSED] - setText(findTestObject("password"), "natthacha2002"): Text 'natthacha2002' is set on object 'Object Repository/password'

2566-04-08 13:04:22 - [MESSAGE][PASSED] - Text 'natthacha2002' is set on object 'Object Repository/password'

2566-04-08 13:04:22 - [TEST_STEP][PASSED] - setText(findTestObject("con_password"), "natthacha2002"): Text 'natthacha2002' is set on object 'Object Repository/con_password'

2566-04-08 13:04:24 - [MESSAGE][PASSED] - Text 'natthacha2002' is set on object 'Object Repository/con_password'

2566-04-08 13:04:24 - [TEST_STEP][PASSED] - title = getWindowTitle(): Current window's title is: 'REGISTER สมัครสมาชิก'

2566-04-08 13:04:24 - [MESSAGE][PASSED] - Current window's title is: 'REGISTER สมัครสมาชิก'

2566-04-08 13:04:24 - [TEST_STEP][PASSED] - verifyMatch(title, "REGISTER สมัครสมาชิก", false): Actual text 'REGISTER สมัครสมาชิก' and expected text 'REGISTER สมัครสมาชิก' are matched 

2566-04-08 13:04:24 - [MESSAGE][PASSED] - Actual text 'REGISTER สมัครสมาชิก' and expected text 'REGISTER สมัครสมาชิก' are matched 

2566-04-08 13:04:24 - [TEST_STEP][PASSED] - click(findTestObject("click", ["variable":""])): Object: 'Object Repository/click' is clicked on

2566-04-08 13:04:25 - [MESSAGE][PASSED] - Object: 'Object Repository/click' is clicked on

2566-04-08 13:04:25 - [TEST_STEP][PASSED] - verifyElementChecked(findTestObject("click"), 0): Object 'Object Repository/click' is checked

2566-04-08 13:04:25 - [MESSAGE][WARNING] - Timeout '0' is invalid. Using default page load timeout: '30'

2566-04-08 13:04:25 - [MESSAGE][PASSED] - Object 'Object Repository/click' is checked

2566-04-08 13:04:25 - [TEST_STEP][PASSED] - closeBrowser(): Browser is closed

2566-04-08 13:04:26 - [MESSAGE][PASSED] - Browser is closed]]></system-out>
         <system-err><![CDATA[]]></system-err>
      </testcase>
      <testcase name="Test Cases/test02" time="18.263" classname="Test Cases/test02" status="PASSED">
         <system-out><![CDATA[2566-04-08 13:04:26 - [TEST_CASE][PASSED] - Test Cases/test02: Test Cases/test02

2566-04-08 13:04:27 - [TEST_STEP][PASSED] - openBrowser(""): Browser is opened with url: ''

2566-04-08 13:04:27 - [MESSAGE][INFO] - Starting 'Chrome' driver

2566-04-08 13:04:27 - [MESSAGE][INFO] - Action delay is set to 0 milliseconds

2566-04-08 13:04:30 - [MESSAGE][PASSED] - Browser is opened with url: ''

2566-04-08 13:04:30 - [TEST_STEP][PASSED] - navigateToUrl("https://www.gmm-tv.com/shop/index.php?route=account/register"): Navigate to 'https://www.gmm-tv.com/shop/index.php?route=account/register' successfully

2566-04-08 13:04:32 - [MESSAGE][PASSED] - Navigate to 'https://www.gmm-tv.com/shop/index.php?route=account/register' successfully

2566-04-08 13:04:32 - [TEST_STEP][PASSED] - setText(findTestObject("Object Repository/Page_REGISTER/input_First Name_firstname"), "ณาตหชา "): Text 'ณาตหชา ' is set on object 'Object Repository/Page_REGISTER/input_First Name_firstname'

2566-04-08 13:04:34 - [MESSAGE][PASSED] - Text 'ณาตหชา ' is set on object 'Object Repository/Page_REGISTER/input_First Name_firstname'

2566-04-08 13:04:34 - [TEST_STEP][PASSED] - setText(findTestObject("Object Repository/Page_REGISTER/input_Last Name_lastname"), "มุมแดง"): Text 'มุมแดง' is set on object 'Object Repository/Page_REGISTER/input_Last Name_lastname'

2566-04-08 13:04:35 - [MESSAGE][PASSED] - Text 'มุมแดง' is set on object 'Object Repository/Page_REGISTER/input_Last Name_lastname'

2566-04-08 13:04:35 - [TEST_STEP][PASSED] - setText(findTestObject("Object Repository/Page_REGISTER/input_E-mail_email"), "aummumdaeng@gmail.com"): Text 'aummumdaeng@gmail.com' is set on object 'Object Repository/Page_REGISTER/input_E-mail_email'

2566-04-08 13:04:36 - [MESSAGE][PASSED] - Text 'aummumdaeng@gmail.com' is set on object 'Object Repository/Page_REGISTER/input_E-mail_email'

2566-04-08 13:04:36 - [TEST_STEP][PASSED] - setText(findTestObject("Object Repository/Page_REGISTER/input_Phone_telephone"), "0656375524"): Text '0656375524' is set on object 'Object Repository/Page_REGISTER/input_Phone_telephone'

2566-04-08 13:04:37 - [MESSAGE][PASSED] - Text '0656375524' is set on object 'Object Repository/Page_REGISTER/input_Phone_telephone'

2566-04-08 13:04:37 - [TEST_STEP][PASSED] - setEncryptedText(findTestObject("Object Repository/Page_REGISTER/input_Create Password_password"), "5oMMk0FHFUklkoX8kTnEvA=="): Text ****** has been set on object 'Object Repository/Page_REGISTER/input_Create Password_password'

2566-04-08 13:04:38 - [MESSAGE][PASSED] - Text ****** has been set on object 'Object Repository/Page_REGISTER/input_Create Password_password'

2566-04-08 13:04:38 - [TEST_STEP][PASSED] - setEncryptedText(findTestObject("Object Repository/Page_REGISTER/input_Confirm Password_confirm"), "5oMMk0FHFUklkoX8kTnEvA=="): Text ****** has been set on object 'Object Repository/Page_REGISTER/input_Confirm Password_confirm'

2566-04-08 13:04:39 - [MESSAGE][PASSED] - Text ****** has been set on object 'Object Repository/Page_REGISTER/input_Confirm Password_confirm'

2566-04-08 13:04:39 - [TEST_STEP][PASSED] - click(findTestObject("Object Repository/Page_REGISTER/input_Privacy Policy_btn btn-primary")): Object: 'Object Repository/Page_REGISTER/input_Privacy Policy_btn btn-primary' is clicked on

2566-04-08 13:04:42 - [MESSAGE][PASSED] - Object: 'Object Repository/Page_REGISTER/input_Privacy Policy_btn btn-primary' is clicked on

2566-04-08 13:04:42 - [TEST_STEP][PASSED] - click(findTestObject("Object Repository/Page_REGISTER/div_Warning You must agree to the")): Object: 'Object Repository/Page_REGISTER/div_Warning You must agree to the' is clicked on

2566-04-08 13:04:43 - [MESSAGE][PASSED] - Object: 'Object Repository/Page_REGISTER/div_Warning You must agree to the' is clicked on

2566-04-08 13:04:43 - [TEST_STEP][PASSED] - closeBrowser(): Browser is closed

2566-04-08 13:04:45 - [MESSAGE][PASSED] - Browser is closed]]></system-out>
         <system-err><![CDATA[]]></system-err>
      </testcase>
      <testcase name="Test Cases/test03" time="18.84" classname="Test Cases/test03" status="PASSED">
         <system-out><![CDATA[2566-04-08 13:04:45 - [TEST_CASE][PASSED] - Test Cases/test03: Test Cases/test03

2566-04-08 13:04:46 - [TEST_STEP][PASSED] - openBrowser(""): Browser is opened with url: ''

2566-04-08 13:04:46 - [MESSAGE][INFO] - Starting 'Chrome' driver

2566-04-08 13:04:46 - [MESSAGE][INFO] - Action delay is set to 0 milliseconds

2566-04-08 13:04:48 - [MESSAGE][PASSED] - Browser is opened with url: ''

2566-04-08 13:04:48 - [TEST_STEP][PASSED] - navigateToUrl("https://www.gmm-tv.com/shop/index.php?route=account/register"): Navigate to 'https://www.gmm-tv.com/shop/index.php?route=account/register' successfully

2566-04-08 13:04:52 - [MESSAGE][PASSED] - Navigate to 'https://www.gmm-tv.com/shop/index.php?route=account/register' successfully

2566-04-08 13:04:52 - [TEST_STEP][PASSED] - navigateToUrl("https://www.gmm-tv.com/shop/index.php?route=account/register"): Navigate to 'https://www.gmm-tv.com/shop/index.php?route=account/register' successfully

2566-04-08 13:04:54 - [MESSAGE][PASSED] - Navigate to 'https://www.gmm-tv.com/shop/index.php?route=account/register' successfully

2566-04-08 13:04:54 - [TEST_STEP][PASSED] - setText(findTestObject("Object Repository/Page_REGISTER/input_First Name_firstname"), "Natthacha"): Text 'Natthacha' is set on object 'Object Repository/Page_REGISTER/input_First Name_firstname'

2566-04-08 13:04:56 - [MESSAGE][PASSED] - Text 'Natthacha' is set on object 'Object Repository/Page_REGISTER/input_First Name_firstname'

2566-04-08 13:04:56 - [TEST_STEP][PASSED] - setText(findTestObject("Object Repository/Page_REGISTER/input_Last Name_lastname"), "Mumdaeng"): Text 'Mumdaeng' is set on object 'Object Repository/Page_REGISTER/input_Last Name_lastname'

2566-04-08 13:04:58 - [MESSAGE][PASSED] - Text 'Mumdaeng' is set on object 'Object Repository/Page_REGISTER/input_Last Name_lastname'

2566-04-08 13:04:58 - [TEST_STEP][PASSED] - setText(findTestObject("Object Repository/Page_REGISTER/input_Phone_telephone"), "0656375524"): Text '0656375524' is set on object 'Object Repository/Page_REGISTER/input_Phone_telephone'

2566-04-08 13:04:59 - [MESSAGE][PASSED] - Text '0656375524' is set on object 'Object Repository/Page_REGISTER/input_Phone_telephone'

2566-04-08 13:04:59 - [TEST_STEP][PASSED] - setText(findTestObject("Object Repository/Page_REGISTER/input_E-mail_email"), "aummumdaeng@gmail.com"): Text 'aummumdaeng@gmail.com' is set on object 'Object Repository/Page_REGISTER/input_E-mail_email'

2566-04-08 13:05:00 - [MESSAGE][PASSED] - Text 'aummumdaeng@gmail.com' is set on object 'Object Repository/Page_REGISTER/input_E-mail_email'

2566-04-08 13:05:00 - [TEST_STEP][PASSED] - setEncryptedText(findTestObject("Object Repository/Page_REGISTER/input_Create Password_password"), "5oMMk0FHFUmL7+kTLLhsWA=="): Text ****** has been set on object 'Object Repository/Page_REGISTER/input_Create Password_password'

2566-04-08 13:05:01 - [MESSAGE][PASSED] - Text ****** has been set on object 'Object Repository/Page_REGISTER/input_Create Password_password'

2566-04-08 13:05:01 - [TEST_STEP][PASSED] - setEncryptedText(findTestObject("Object Repository/Page_REGISTER/input_Confirm Password_confirm"), "5oMMk0FHFUmL7+kTLLhsWA=="): Text ****** has been set on object 'Object Repository/Page_REGISTER/input_Confirm Password_confirm'

2566-04-08 13:05:02 - [MESSAGE][PASSED] - Text ****** has been set on object 'Object Repository/Page_REGISTER/input_Confirm Password_confirm'

2566-04-08 13:05:02 - [TEST_STEP][PASSED] - click(findTestObject("Object Repository/Page_REGISTER/input_Accept the condition_agree")): Object: 'Object Repository/Page_REGISTER/input_Accept the condition_agree' is clicked on

2566-04-08 13:05:02 - [MESSAGE][PASSED] - Object: 'Object Repository/Page_REGISTER/input_Accept the condition_agree' is clicked on

2566-04-08 13:05:02 - [TEST_STEP][PASSED] - closeBrowser(): Browser is closed

2566-04-08 13:05:03 - [MESSAGE][PASSED] - Browser is closed]]></system-out>
         <system-err><![CDATA[]]></system-err>
      </testcase>
      <system-out><![CDATA[2566-04-08 13:04:05 - [TEST_SUITE][PASSED] - Tc001: Test Cases/test03]]></system-out>
      <system-err><![CDATA[]]></system-err>
   </testsuite>
</testsuites>
